{
"/home/benjamin/Desktop/projects/node/sforce-mocks/mocks.js":{"path":"/home/benjamin/Desktop/projects/node/sforce-mocks/mocks.js","s":{"1":1,"2":1,"3":1,"4":1,"5":1,"6":1,"7":0,"8":0,"9":0,"10":0,"11":0,"12":0,"13":0,"14":0,"15":0,"16":0,"17":0,"18":1,"19":37,"20":37,"21":12,"22":25,"23":35,"24":35,"25":28,"26":82,"27":12,"28":27,"29":2,"30":2,"31":7,"32":22,"33":22,"34":0,"35":0,"36":0,"37":0,"38":0,"39":0,"40":29,"41":29,"42":29,"43":2,"44":27,"45":65,"46":27,"47":38,"48":38,"49":146,"50":146,"51":37,"52":37,"53":38,"54":1,"55":44,"56":52,"57":52,"58":52,"59":94,"60":52,"61":0,"62":2,"63":2,"64":2,"65":2,"66":0,"67":67,"68":67,"69":10,"70":67,"71":12,"72":12,"73":26,"74":26,"75":26,"76":23,"77":23,"78":23,"79":23,"80":23,"81":3,"82":12,"83":6,"84":12,"85":2,"86":2,"87":3,"88":3,"89":3,"90":3,"91":0,"92":0,"93":3,"94":3,"95":3,"96":3,"97":3,"98":0,"99":2,"100":1,"101":2,"102":2,"103":2,"104":3,"105":3,"106":3,"107":9,"108":9,"109":3,"110":3,"111":3,"112":3,"113":3,"114":0,"115":2,"116":0,"117":2,"118":27,"119":27,"120":27,"121":27,"122":27,"123":27,"124":27,"125":27,"126":27,"127":27,"128":27,"129":27,"130":22,"131":27,"132":0,"133":0,"134":0,"135":29,"136":4,"137":4,"138":0,"139":25,"140":25,"141":10,"142":15,"143":25,"144":1,"145":27,"146":27,"147":27,"148":1,"149":31,"150":2,"151":2,"152":27,"153":22,"154":41,"155":41,"156":41,"157":46,"158":46,"159":41,"160":2,"161":2,"162":41,"163":27,"164":27,"165":27,"166":77,"167":77,"168":41,"169":27,"170":1,"171":2,"172":1,"173":4,"174":2,"175":13,"176":4,"177":2,"178":0,"179":3,"180":3,"181":3,"182":6,"183":6,"184":3,"185":2,"186":2,"187":2,"188":2,"189":4,"190":2,"191":2,"192":0,"193":2,"194":2,"195":2,"196":2,"197":6,"198":6,"199":3,"200":2,"201":1,"202":25,"203":25,"204":1,"205":25,"206":3,"207":4,"208":32,"209":3,"210":4,"211":83,"212":83,"213":33,"214":17,"215":16,"216":83,"217":1,"218":1,"219":29,"220":29,"221":0,"222":0,"223":0,"224":0,"225":29,"226":29,"227":88,"228":0,"229":88,"230":88,"231":88,"232":0,"233":1,"234":1,"235":43,"236":1,"237":1,"238":9,"239":1,"240":1,"241":9,"242":1,"243":1,"244":9,"245":1,"246":1,"247":9,"248":1,"249":1,"250":9,"251":1,"252":27,"253":27,"254":1,"255":1,"256":27,"257":27,"258":1,"259":27,"260":1,"261":2,"262":2,"263":2,"264":1,"265":2,"266":2,"267":1,"268":29,"269":29,"270":27,"271":2,"272":2,"273":1,"274":37,"275":37,"276":37,"277":35,"278":31,"279":4,"280":4,"281":1,"282":25,"283":25,"284":25,"285":3,"286":3,"287":22,"288":25,"289":1,"290":25,"291":4,"292":25,"293":1,"294":29,"295":29,"296":29,"297":3,"298":3,"299":3,"300":3,"301":3,"302":3,"303":0,"304":3,"305":3,"306":3,"307":25,"308":25,"309":11,"310":3,"311":0,"312":3,"313":26,"314":26,"315":3,"316":3,"317":3,"318":3,"319":3,"320":3,"321":3,"322":3,"323":14,"324":26,"325":26,"326":26,"327":26,"328":0,"329":26,"330":0,"331":26,"332":26,"333":0,"334":1,"335":3,"336":1,"337":4,"338":1,"339":3,"340":1,"341":3,"342":1,"343":1,"344":0,"345":0,"346":1},"b":{"1":[0,0],"2":[12,25],"3":[37,12],"4":[28,7],"5":[2,27],"6":[27,38],"7":[37,109],"8":[1,37],"9":[52,42],"10":[2,0],"11":[10,57],"12":[22,1],"13":[23,1],"14":[6,6],"15":[0,3],"16":[1,1],"17":[3,6],"18":[0,3],"19":[0,2],"20":[22,5],"21":[0,0],"22":[4,25],"23":[4,0],"24":[10,15],"25":[41,36],"26":[77,70],"27":[2,2],"28":[0,2],"29":[3,3],"30":[6,3,0],"31":[17,16],"32":[17,6],"33":[16,12],"34":[0,88],"35":[88,0],"36":[27,2],"37":[2,0],"38":[35,2],"39":[31,4],"40":[4,0],"41":[3,22],"42":[4,21],"43":[3,26],"44":[3,3],"45":[3,0],"46":[3,0],"47":[11,14],"48":[26,0],"49":[3,3,3,3,14,14],"50":[26,0],"51":[0,26]},"f":{"1":0,"2":0,"3":0,"4":0,"5":0,"6":37,"7":35,"8":12,"9":27,"10":2,"11":2,"12":7,"13":22,"14":0,"15":29,"16":44,"17":52,"18":2,"19":67,"20":12,"21":2,"22":2,"23":27,"24":29,"25":27,"26":31,"27":2,"28":27,"29":22,"30":41,"31":27,"32":2,"33":4,"34":2,"35":13,"36":4,"37":2,"38":0,"39":3,"40":2,"41":25,"42":25,"43":3,"44":4,"45":32,"46":3,"47":4,"48":83,"49":6,"50":29,"51":0,"52":0,"53":29,"54":88,"55":88,"56":14,"57":43,"58":3,"59":9,"60":3,"61":9,"62":3,"63":9,"64":3,"65":9,"66":3,"67":9,"68":27,"69":27,"70":27,"71":2,"72":2,"73":29,"74":37,"75":25,"76":25,"77":29,"78":3,"79":4,"80":3,"81":3,"82":0,"83":0},"fnMap":{"1":{"name":"(anonymous_1)","line":30,"loc":{"start":{"line":30,"column":15},"end":{"line":30,"column":34}}},"2":{"name":"(anonymous_2)","line":34,"loc":{"start":{"line":34,"column":22},"end":{"line":34,"column":35}}},"3":{"name":"(anonymous_3)","line":35,"loc":{"start":{"line":35,"column":25},"end":{"line":35,"column":39}}},"4":{"name":"(anonymous_4)","line":36,"loc":{"start":{"line":36,"column":13},"end":{"line":36,"column":28}}},"5":{"name":"(anonymous_5)","line":37,"loc":{"start":{"line":37,"column":18},"end":{"line":37,"column":39}}},"6":{"name":"(anonymous_6)","line":46,"loc":{"start":{"line":46,"column":13},"end":{"line":46,"column":27}}},"7":{"name":"(anonymous_7)","line":53,"loc":{"start":{"line":53,"column":11},"end":{"line":53,"column":35}}},"8":{"name":"(anonymous_8)","line":61,"loc":{"start":{"line":61,"column":11},"end":{"line":61,"column":46}}},"9":{"name":"(anonymous_9)","line":64,"loc":{"start":{"line":64,"column":10},"end":{"line":64,"column":40}}},"10":{"name":"(anonymous_10)","line":67,"loc":{"start":{"line":67,"column":14},"end":{"line":67,"column":48}}},"11":{"name":"(anonymous_11)","line":70,"loc":{"start":{"line":70,"column":11},"end":{"line":70,"column":46}}},"12":{"name":"(anonymous_12)","line":85,"loc":{"start":{"line":85,"column":10},"end":{"line":85,"column":21}}},"13":{"name":"(anonymous_13)","line":90,"loc":{"start":{"line":90,"column":10},"end":{"line":90,"column":21}}},"14":{"name":"(anonymous_14)","line":95,"loc":{"start":{"line":95,"column":17},"end":{"line":95,"column":34}}},"15":{"name":"(anonymous_15)","line":104,"loc":{"start":{"line":104,"column":20},"end":{"line":104,"column":34}}},"16":{"name":"(anonymous_16)","line":125,"loc":{"start":{"line":125,"column":19},"end":{"line":125,"column":42}}},"17":{"name":"(anonymous_17)","line":130,"loc":{"start":{"line":130,"column":18},"end":{"line":130,"column":40}}},"18":{"name":"(anonymous_18)","line":138,"loc":{"start":{"line":138,"column":25},"end":{"line":138,"column":45}}},"19":{"name":"(anonymous_19)","line":146,"loc":{"start":{"line":146,"column":16},"end":{"line":146,"column":31}}},"20":{"name":"(anonymous_20)","line":154,"loc":{"start":{"line":154,"column":11},"end":{"line":154,"column":42}}},"21":{"name":"(anonymous_21)","line":175,"loc":{"start":{"line":175,"column":11},"end":{"line":175,"column":42}}},"22":{"name":"(anonymous_22)","line":200,"loc":{"start":{"line":200,"column":8},"end":{"line":200,"column":38}}},"23":{"name":"(anonymous_23)","line":223,"loc":{"start":{"line":223,"column":10},"end":{"line":223,"column":41}}},"24":{"name":"(anonymous_24)","line":246,"loc":{"start":{"line":246,"column":15},"end":{"line":246,"column":43}}},"25":{"name":"(anonymous_25)","line":274,"loc":{"start":{"line":274,"column":19},"end":{"line":274,"column":32}}},"26":{"name":"(anonymous_26)","line":281,"loc":{"start":{"line":281,"column":12},"end":{"line":281,"column":28}}},"27":{"name":"(anonymous_27)","line":283,"loc":{"start":{"line":283,"column":15},"end":{"line":283,"column":33}}},"28":{"name":"(anonymous_28)","line":288,"loc":{"start":{"line":288,"column":11},"end":{"line":288,"column":26}}},"29":{"name":"(anonymous_29)","line":290,"loc":{"start":{"line":290,"column":16},"end":{"line":290,"column":31}}},"30":{"name":"(anonymous_30)","line":292,"loc":{"start":{"line":292,"column":20},"end":{"line":292,"column":34}}},"31":{"name":"(anonymous_31)","line":306,"loc":{"start":{"line":306,"column":13},"end":{"line":306,"column":24}}},"32":{"name":"(anonymous_32)","line":321,"loc":{"start":{"line":321,"column":22},"end":{"line":321,"column":33}}},"33":{"name":"(anonymous_33)","line":326,"loc":{"start":{"line":326,"column":12},"end":{"line":326,"column":28}}},"34":{"name":"(anonymous_34)","line":328,"loc":{"start":{"line":328,"column":18},"end":{"line":328,"column":35}}},"35":{"name":"(anonymous_35)","line":330,"loc":{"start":{"line":330,"column":9},"end":{"line":330,"column":20}}},"36":{"name":"(anonymous_36)","line":332,"loc":{"start":{"line":332,"column":11},"end":{"line":332,"column":22}}},"37":{"name":"(anonymous_37)","line":334,"loc":{"start":{"line":334,"column":19},"end":{"line":334,"column":33}}},"38":{"name":"(anonymous_38)","line":336,"loc":{"start":{"line":336,"column":16},"end":{"line":336,"column":31}}},"39":{"name":"(anonymous_39)","line":338,"loc":{"start":{"line":338,"column":20},"end":{"line":338,"column":34}}},"40":{"name":"(anonymous_40)","line":348,"loc":{"start":{"line":348,"column":13},"end":{"line":348,"column":33}}},"41":{"name":"(anonymous_41)","line":372,"loc":{"start":{"line":372,"column":26},"end":{"line":372,"column":37}}},"42":{"name":"(anonymous_42)","line":378,"loc":{"start":{"line":378,"column":13},"end":{"line":378,"column":24}}},"43":{"name":"(anonymous_43)","line":380,"loc":{"start":{"line":380,"column":13},"end":{"line":380,"column":36}}},"44":{"name":"(anonymous_44)","line":382,"loc":{"start":{"line":382,"column":13},"end":{"line":382,"column":24}}},"45":{"name":"(anonymous_45)","line":384,"loc":{"start":{"line":384,"column":13},"end":{"line":384,"column":33}}},"46":{"name":"(anonymous_46)","line":386,"loc":{"start":{"line":386,"column":7},"end":{"line":386,"column":18}}},"47":{"name":"(anonymous_47)","line":388,"loc":{"start":{"line":388,"column":6},"end":{"line":388,"column":17}}},"48":{"name":"(anonymous_48)","line":390,"loc":{"start":{"line":390,"column":11},"end":{"line":390,"column":25}}},"49":{"name":"(anonymous_49)","line":403,"loc":{"start":{"line":403,"column":23},"end":{"line":403,"column":34}}},"50":{"name":"(anonymous_50)","line":406,"loc":{"start":{"line":406,"column":17},"end":{"line":406,"column":33}}},"51":{"name":"(anonymous_51)","line":411,"loc":{"start":{"line":411,"column":20},"end":{"line":411,"column":39}}},"52":{"name":"(anonymous_52)","line":416,"loc":{"start":{"line":416,"column":18},"end":{"line":416,"column":34}}},"53":{"name":"(anonymous_53)","line":421,"loc":{"start":{"line":421,"column":21},"end":{"line":421,"column":40}}},"54":{"name":"(anonymous_54)","line":427,"loc":{"start":{"line":427,"column":17},"end":{"line":427,"column":31}}},"55":{"name":"(anonymous_55)","line":435,"loc":{"start":{"line":435,"column":18},"end":{"line":435,"column":32}}},"56":{"name":"(anonymous_56)","line":444,"loc":{"start":{"line":444,"column":20},"end":{"line":444,"column":30}}},"57":{"name":"(anonymous_57)","line":447,"loc":{"start":{"line":447,"column":11},"end":{"line":447,"column":25}}},"58":{"name":"(anonymous_58)","line":452,"loc":{"start":{"line":452,"column":20},"end":{"line":452,"column":30}}},"59":{"name":"(anonymous_59)","line":455,"loc":{"start":{"line":455,"column":11},"end":{"line":455,"column":25}}},"60":{"name":"(anonymous_60)","line":460,"loc":{"start":{"line":460,"column":20},"end":{"line":460,"column":30}}},"61":{"name":"(anonymous_61)","line":463,"loc":{"start":{"line":463,"column":11},"end":{"line":463,"column":25}}},"62":{"name":"(anonymous_62)","line":468,"loc":{"start":{"line":468,"column":20},"end":{"line":468,"column":30}}},"63":{"name":"(anonymous_63)","line":471,"loc":{"start":{"line":471,"column":11},"end":{"line":471,"column":25}}},"64":{"name":"(anonymous_64)","line":476,"loc":{"start":{"line":476,"column":20},"end":{"line":476,"column":30}}},"65":{"name":"(anonymous_65)","line":479,"loc":{"start":{"line":479,"column":11},"end":{"line":479,"column":25}}},"66":{"name":"(anonymous_66)","line":484,"loc":{"start":{"line":484,"column":20},"end":{"line":484,"column":30}}},"67":{"name":"(anonymous_67)","line":488,"loc":{"start":{"line":488,"column":11},"end":{"line":488,"column":25}}},"68":{"name":"(anonymous_68)","line":495,"loc":{"start":{"line":495,"column":27},"end":{"line":495,"column":40}}},"69":{"name":"(anonymous_69)","line":500,"loc":{"start":{"line":500,"column":45},"end":{"line":500,"column":59}}},"70":{"name":"(anonymous_70)","line":504,"loc":{"start":{"line":504,"column":44},"end":{"line":504,"column":58}}},"71":{"name":"(anonymous_71)","line":507,"loc":{"start":{"line":507,"column":48},"end":{"line":507,"column":62}}},"72":{"name":"(anonymous_72)","line":512,"loc":{"start":{"line":512,"column":47},"end":{"line":512,"column":61}}},"73":{"name":"(anonymous_73)","line":516,"loc":{"start":{"line":516,"column":43},"end":{"line":516,"column":57}}},"74":{"name":"(anonymous_74)","line":523,"loc":{"start":{"line":523,"column":45},"end":{"line":523,"column":59}}},"75":{"name":"(anonymous_75)","line":533,"loc":{"start":{"line":533,"column":51},"end":{"line":533,"column":65}}},"76":{"name":"(anonymous_76)","line":544,"loc":{"start":{"line":544,"column":50},"end":{"line":544,"column":64}}},"77":{"name":"(anonymous_77)","line":549,"loc":{"start":{"line":549,"column":48},"end":{"line":549,"column":62}}},"78":{"name":"(anonymous_78)","line":610,"loc":{"start":{"line":610,"column":42},"end":{"line":610,"column":56}}},"79":{"name":"(anonymous_79)","line":613,"loc":{"start":{"line":613,"column":41},"end":{"line":613,"column":55}}},"80":{"name":"(anonymous_80)","line":616,"loc":{"start":{"line":616,"column":52},"end":{"line":616,"column":66}}},"81":{"name":"(anonymous_81)","line":619,"loc":{"start":{"line":619,"column":51},"end":{"line":619,"column":65}}},"82":{"name":"(anonymous_82)","line":625,"loc":{"start":{"line":625,"column":12},"end":{"line":625,"column":23}}},"83":{"name":"(anonymous_83)","line":627,"loc":{"start":{"line":627,"column":15},"end":{"line":627,"column":39}}}},"statementMap":{"1":{"start":{"line":22,"column":0},"end":{"line":22,"column":31}},"2":{"start":{"line":23,"column":0},"end":{"line":23,"column":62}},"3":{"start":{"line":24,"column":0},"end":{"line":24,"column":65}},"4":{"start":{"line":25,"column":0},"end":{"line":25,"column":71}},"5":{"start":{"line":27,"column":0},"end":{"line":27,"column":27}},"6":{"start":{"line":30,"column":0},"end":{"line":40,"column":2}},"7":{"start":{"line":31,"column":1},"end":{"line":31,"column":31}},"8":{"start":{"line":32,"column":1},"end":{"line":32,"column":27}},"9":{"start":{"line":33,"column":1},"end":{"line":33,"column":23}},"10":{"start":{"line":34,"column":1},"end":{"line":34,"column":77}},"11":{"start":{"line":34,"column":37},"end":{"line":34,"column":74}},"12":{"start":{"line":35,"column":1},"end":{"line":35,"column":83}},"13":{"start":{"line":35,"column":41},"end":{"line":35,"column":81}},"14":{"start":{"line":36,"column":1},"end":{"line":36,"column":61}},"15":{"start":{"line":36,"column":30},"end":{"line":36,"column":58}},"16":{"start":{"line":37,"column":1},"end":{"line":39,"column":3}},"17":{"start":{"line":38,"column":2},"end":{"line":38,"column":82}},"18":{"start":{"line":44,"column":0},"end":{"line":269,"column":2}},"19":{"start":{"line":47,"column":2},"end":{"line":47,"column":27}},"20":{"start":{"line":48,"column":2},"end":{"line":49,"column":63}},"21":{"start":{"line":49,"column":3},"end":{"line":49,"column":63}},"22":{"start":{"line":50,"column":2},"end":{"line":50,"column":13}},"23":{"start":{"line":54,"column":2},"end":{"line":54,"column":23}},"24":{"start":{"line":55,"column":2},"end":{"line":57,"column":25}},"25":{"start":{"line":56,"column":3},"end":{"line":57,"column":25}},"26":{"start":{"line":57,"column":4},"end":{"line":57,"column":25}},"27":{"start":{"line":62,"column":3},"end":{"line":62,"column":53}},"28":{"start":{"line":65,"column":3},"end":{"line":65,"column":47}},"29":{"start":{"line":68,"column":3},"end":{"line":68,"column":49}},"30":{"start":{"line":71,"column":3},"end":{"line":71,"column":53}},"31":{"start":{"line":85,"column":23},"end":{"line":85,"column":47}},"32":{"start":{"line":91,"column":3},"end":{"line":91,"column":35}},"33":{"start":{"line":92,"column":3},"end":{"line":92,"column":72}},"34":{"start":{"line":96,"column":3},"end":{"line":96,"column":45}},"35":{"start":{"line":97,"column":3},"end":{"line":97,"column":38}},"36":{"start":{"line":98,"column":3},"end":{"line":98,"column":53}},"37":{"start":{"line":99,"column":3},"end":{"line":99,"column":41}},"38":{"start":{"line":100,"column":3},"end":{"line":100,"column":33}},"39":{"start":{"line":101,"column":3},"end":{"line":101,"column":26}},"40":{"start":{"line":105,"column":3},"end":{"line":105,"column":33}},"41":{"start":{"line":106,"column":3},"end":{"line":106,"column":34}},"42":{"start":{"line":107,"column":3},"end":{"line":108,"column":52}},"43":{"start":{"line":108,"column":4},"end":{"line":108,"column":52}},"44":{"start":{"line":109,"column":3},"end":{"line":122,"column":4}},"45":{"start":{"line":110,"column":4},"end":{"line":111,"column":14}},"46":{"start":{"line":111,"column":5},"end":{"line":111,"column":14}},"47":{"start":{"line":112,"column":4},"end":{"line":112,"column":25}},"48":{"start":{"line":113,"column":4},"end":{"line":119,"column":5}},"49":{"start":{"line":114,"column":5},"end":{"line":114,"column":32}},"50":{"start":{"line":115,"column":5},"end":{"line":118,"column":6}},"51":{"start":{"line":116,"column":6},"end":{"line":116,"column":21}},"52":{"start":{"line":117,"column":6},"end":{"line":117,"column":12}},"53":{"start":{"line":120,"column":4},"end":{"line":121,"column":78}},"54":{"start":{"line":121,"column":5},"end":{"line":121,"column":78}},"55":{"start":{"line":126,"column":3},"end":{"line":127,"column":45}},"56":{"start":{"line":127,"column":4},"end":{"line":127,"column":45}},"57":{"start":{"line":131,"column":3},"end":{"line":131,"column":40}},"58":{"start":{"line":132,"column":3},"end":{"line":134,"column":12}},"59":{"start":{"line":133,"column":4},"end":{"line":134,"column":12}},"60":{"start":{"line":134,"column":5},"end":{"line":134,"column":12}},"61":{"start":{"line":135,"column":3},"end":{"line":135,"column":74}},"62":{"start":{"line":139,"column":3},"end":{"line":139,"column":40}},"63":{"start":{"line":140,"column":3},"end":{"line":142,"column":12}},"64":{"start":{"line":141,"column":4},"end":{"line":142,"column":12}},"65":{"start":{"line":142,"column":5},"end":{"line":142,"column":12}},"66":{"start":{"line":143,"column":3},"end":{"line":143,"column":85}},"67":{"start":{"line":147,"column":3},"end":{"line":147,"column":32}},"68":{"start":{"line":148,"column":3},"end":{"line":149,"column":19}},"69":{"start":{"line":149,"column":4},"end":{"line":149,"column":19}},"70":{"start":{"line":150,"column":3},"end":{"line":150,"column":20}},"71":{"start":{"line":155,"column":3},"end":{"line":155,"column":19}},"72":{"start":{"line":156,"column":3},"end":{"line":168,"column":4}},"73":{"start":{"line":157,"column":4},"end":{"line":157,"column":24}},"74":{"start":{"line":158,"column":4},"end":{"line":167,"column":5}},"75":{"start":{"line":159,"column":5},"end":{"line":159,"column":36}},"76":{"start":{"line":160,"column":5},"end":{"line":160,"column":27}},"77":{"start":{"line":161,"column":5},"end":{"line":161,"column":48}},"78":{"start":{"line":162,"column":5},"end":{"line":162,"column":103}},"79":{"start":{"line":163,"column":5},"end":{"line":163,"column":24}},"80":{"start":{"line":164,"column":5},"end":{"line":164,"column":50}},"81":{"start":{"line":166,"column":5},"end":{"line":166,"column":51}},"82":{"start":{"line":169,"column":3},"end":{"line":170,"column":20}},"83":{"start":{"line":170,"column":4},"end":{"line":170,"column":20}},"84":{"start":{"line":171,"column":3},"end":{"line":171,"column":17}},"85":{"start":{"line":176,"column":3},"end":{"line":176,"column":19}},"86":{"start":{"line":177,"column":3},"end":{"line":193,"column":4}},"87":{"start":{"line":178,"column":4},"end":{"line":178,"column":24}},"88":{"start":{"line":179,"column":4},"end":{"line":179,"column":20}},"89":{"start":{"line":180,"column":4},"end":{"line":180,"column":58}},"90":{"start":{"line":181,"column":4},"end":{"line":184,"column":5}},"91":{"start":{"line":182,"column":5},"end":{"line":182,"column":47}},"92":{"start":{"line":183,"column":5},"end":{"line":183,"column":14}},"93":{"start":{"line":185,"column":4},"end":{"line":192,"column":5}},"94":{"start":{"line":186,"column":5},"end":{"line":186,"column":40}},"95":{"start":{"line":187,"column":5},"end":{"line":187,"column":36}},"96":{"start":{"line":188,"column":5},"end":{"line":188,"column":47}},"97":{"start":{"line":189,"column":5},"end":{"line":189,"column":50}},"98":{"start":{"line":191,"column":5},"end":{"line":191,"column":51}},"99":{"start":{"line":194,"column":3},"end":{"line":195,"column":20}},"100":{"start":{"line":195,"column":4},"end":{"line":195,"column":20}},"101":{"start":{"line":196,"column":3},"end":{"line":196,"column":17}},"102":{"start":{"line":201,"column":3},"end":{"line":201,"column":19}},"103":{"start":{"line":202,"column":3},"end":{"line":216,"column":4}},"104":{"start":{"line":203,"column":4},"end":{"line":203,"column":22}},"105":{"start":{"line":204,"column":4},"end":{"line":204,"column":22}},"106":{"start":{"line":205,"column":4},"end":{"line":213,"column":5}},"107":{"start":{"line":206,"column":5},"end":{"line":206,"column":49}},"108":{"start":{"line":207,"column":5},"end":{"line":212,"column":6}},"109":{"start":{"line":208,"column":6},"end":{"line":208,"column":27}},"110":{"start":{"line":209,"column":6},"end":{"line":209,"column":19}},"111":{"start":{"line":210,"column":6},"end":{"line":210,"column":47}},"112":{"start":{"line":211,"column":6},"end":{"line":211,"column":12}},"113":{"start":{"line":214,"column":4},"end":{"line":215,"column":47}},"114":{"start":{"line":215,"column":5},"end":{"line":215,"column":47}},"115":{"start":{"line":217,"column":3},"end":{"line":218,"column":20}},"116":{"start":{"line":218,"column":4},"end":{"line":218,"column":20}},"117":{"start":{"line":219,"column":3},"end":{"line":219,"column":17}},"118":{"start":{"line":224,"column":3},"end":{"line":242,"column":4}},"119":{"start":{"line":225,"column":4},"end":{"line":225,"column":47}},"120":{"start":{"line":226,"column":4},"end":{"line":226,"column":39}},"121":{"start":{"line":227,"column":4},"end":{"line":227,"column":54}},"122":{"start":{"line":228,"column":4},"end":{"line":228,"column":42}},"123":{"start":{"line":229,"column":4},"end":{"line":229,"column":34}},"124":{"start":{"line":230,"column":4},"end":{"line":230,"column":31}},"125":{"start":{"line":231,"column":4},"end":{"line":231,"column":37}},"126":{"start":{"line":232,"column":4},"end":{"line":232,"column":55}},"127":{"start":{"line":233,"column":4},"end":{"line":233,"column":61}},"128":{"start":{"line":234,"column":4},"end":{"line":234,"column":44}},"129":{"start":{"line":235,"column":4},"end":{"line":236,"column":21}},"130":{"start":{"line":236,"column":5},"end":{"line":236,"column":21}},"131":{"start":{"line":237,"column":4},"end":{"line":237,"column":18}},"132":{"start":{"line":239,"column":4},"end":{"line":240,"column":12}},"133":{"start":{"line":240,"column":5},"end":{"line":240,"column":12}},"134":{"start":{"line":241,"column":4},"end":{"line":241,"column":13}},"135":{"start":{"line":247,"column":3},"end":{"line":255,"column":4}},"136":{"start":{"line":248,"column":4},"end":{"line":253,"column":7}},"137":{"start":{"line":249,"column":5},"end":{"line":253,"column":7}},"138":{"start":{"line":254,"column":4},"end":{"line":254,"column":16}},"139":{"start":{"line":256,"column":3},"end":{"line":256,"column":22}},"140":{"start":{"line":257,"column":3},"end":{"line":260,"column":24}},"141":{"start":{"line":258,"column":4},"end":{"line":258,"column":27}},"142":{"start":{"line":260,"column":4},"end":{"line":260,"column":24}},"143":{"start":{"line":261,"column":3},"end":{"line":266,"column":5}},"144":{"start":{"line":274,"column":0},"end":{"line":278,"column":2}},"145":{"start":{"line":275,"column":1},"end":{"line":275,"column":14}},"146":{"start":{"line":276,"column":1},"end":{"line":276,"column":18}},"147":{"start":{"line":277,"column":1},"end":{"line":277,"column":22}},"148":{"start":{"line":279,"column":0},"end":{"line":316,"column":2}},"149":{"start":{"line":281,"column":30},"end":{"line":281,"column":54}},"150":{"start":{"line":284,"column":2},"end":{"line":284,"column":33}},"151":{"start":{"line":285,"column":2},"end":{"line":285,"column":32}},"152":{"start":{"line":288,"column":28},"end":{"line":288,"column":45}},"153":{"start":{"line":290,"column":33},"end":{"line":290,"column":55}},"154":{"start":{"line":293,"column":2},"end":{"line":293,"column":34}},"155":{"start":{"line":294,"column":2},"end":{"line":294,"column":49}},"156":{"start":{"line":295,"column":2},"end":{"line":298,"column":3}},"157":{"start":{"line":296,"column":3},"end":{"line":296,"column":30}},"158":{"start":{"line":297,"column":3},"end":{"line":297,"column":30}},"159":{"start":{"line":299,"column":2},"end":{"line":302,"column":3}},"160":{"start":{"line":300,"column":3},"end":{"line":300,"column":31}},"161":{"start":{"line":301,"column":3},"end":{"line":301,"column":47}},"162":{"start":{"line":303,"column":2},"end":{"line":303,"column":15}},"163":{"start":{"line":307,"column":2},"end":{"line":307,"column":43}},"164":{"start":{"line":308,"column":2},"end":{"line":308,"column":18}},"165":{"start":{"line":309,"column":2},"end":{"line":313,"column":3}},"166":{"start":{"line":310,"column":3},"end":{"line":310,"column":21}},"167":{"start":{"line":311,"column":3},"end":{"line":312,"column":44}},"168":{"start":{"line":312,"column":4},"end":{"line":312,"column":44}},"169":{"start":{"line":314,"column":2},"end":{"line":314,"column":42}},"170":{"start":{"line":321,"column":0},"end":{"line":323,"column":2}},"171":{"start":{"line":322,"column":1},"end":{"line":322,"column":18}},"172":{"start":{"line":324,"column":0},"end":{"line":368,"column":2}},"173":{"start":{"line":326,"column":30},"end":{"line":326,"column":54}},"174":{"start":{"line":328,"column":37},"end":{"line":328,"column":58}},"175":{"start":{"line":330,"column":22},"end":{"line":330,"column":44}},"176":{"start":{"line":332,"column":24},"end":{"line":332,"column":48}},"177":{"start":{"line":334,"column":35},"end":{"line":334,"column":59}},"178":{"start":{"line":336,"column":33},"end":{"line":336,"column":55}},"179":{"start":{"line":339,"column":2},"end":{"line":339,"column":33}},"180":{"start":{"line":340,"column":2},"end":{"line":340,"column":53}},"181":{"start":{"line":341,"column":2},"end":{"line":344,"column":3}},"182":{"start":{"line":342,"column":3},"end":{"line":342,"column":30}},"183":{"start":{"line":343,"column":3},"end":{"line":343,"column":30}},"184":{"start":{"line":345,"column":2},"end":{"line":345,"column":15}},"185":{"start":{"line":349,"column":2},"end":{"line":349,"column":70}},"186":{"start":{"line":350,"column":2},"end":{"line":350,"column":52}},"187":{"start":{"line":351,"column":2},"end":{"line":351,"column":21}},"188":{"start":{"line":352,"column":2},"end":{"line":354,"column":44}},"189":{"start":{"line":353,"column":3},"end":{"line":354,"column":44}},"190":{"start":{"line":354,"column":4},"end":{"line":354,"column":44}},"191":{"start":{"line":355,"column":2},"end":{"line":356,"column":110}},"192":{"start":{"line":356,"column":3},"end":{"line":356,"column":110}},"193":{"start":{"line":357,"column":2},"end":{"line":357,"column":61}},"194":{"start":{"line":359,"column":2},"end":{"line":359,"column":59}},"195":{"start":{"line":360,"column":2},"end":{"line":360,"column":18}},"196":{"start":{"line":361,"column":2},"end":{"line":365,"column":3}},"197":{"start":{"line":362,"column":3},"end":{"line":362,"column":22}},"198":{"start":{"line":363,"column":3},"end":{"line":364,"column":44}},"199":{"start":{"line":364,"column":4},"end":{"line":364,"column":44}},"200":{"start":{"line":366,"column":2},"end":{"line":366,"column":41}},"201":{"start":{"line":372,"column":0},"end":{"line":375,"column":2}},"202":{"start":{"line":373,"column":1},"end":{"line":373,"column":20}},"203":{"start":{"line":374,"column":1},"end":{"line":374,"column":20}},"204":{"start":{"line":376,"column":0},"end":{"line":400,"column":2}},"205":{"start":{"line":378,"column":26},"end":{"line":378,"column":54}},"206":{"start":{"line":380,"column":38},"end":{"line":380,"column":65}},"207":{"start":{"line":382,"column":26},"end":{"line":382,"column":45}},"208":{"start":{"line":384,"column":35},"end":{"line":384,"column":65}},"209":{"start":{"line":386,"column":20},"end":{"line":386,"column":44}},"210":{"start":{"line":388,"column":19},"end":{"line":388,"column":43}},"211":{"start":{"line":391,"column":2},"end":{"line":391,"column":46}},"212":{"start":{"line":392,"column":2},"end":{"line":397,"column":3}},"213":{"start":{"line":393,"column":3},"end":{"line":396,"column":57}},"214":{"start":{"line":394,"column":4},"end":{"line":394,"column":57}},"215":{"start":{"line":396,"column":4},"end":{"line":396,"column":57}},"216":{"start":{"line":398,"column":2},"end":{"line":398,"column":17}},"217":{"start":{"line":403,"column":0},"end":{"line":403,"column":37}},"218":{"start":{"line":404,"column":0},"end":{"line":441,"column":2}},"219":{"start":{"line":407,"column":2},"end":{"line":407,"column":23}},"220":{"start":{"line":408,"column":2},"end":{"line":408,"column":26}},"221":{"start":{"line":412,"column":2},"end":{"line":412,"column":23}},"222":{"start":{"line":413,"column":2},"end":{"line":413,"column":29}},"223":{"start":{"line":417,"column":2},"end":{"line":417,"column":24}},"224":{"start":{"line":418,"column":2},"end":{"line":418,"column":27}},"225":{"start":{"line":422,"column":2},"end":{"line":422,"column":24}},"226":{"start":{"line":423,"column":2},"end":{"line":423,"column":30}},"227":{"start":{"line":428,"column":2},"end":{"line":431,"column":31}},"228":{"start":{"line":429,"column":3},"end":{"line":429,"column":26}},"229":{"start":{"line":431,"column":3},"end":{"line":431,"column":31}},"230":{"start":{"line":436,"column":2},"end":{"line":439,"column":32}},"231":{"start":{"line":437,"column":3},"end":{"line":437,"column":27}},"232":{"start":{"line":439,"column":3},"end":{"line":439,"column":32}},"233":{"start":{"line":444,"column":0},"end":{"line":444,"column":33}},"234":{"start":{"line":445,"column":0},"end":{"line":450,"column":3}},"235":{"start":{"line":448,"column":2},"end":{"line":448,"column":62}},"236":{"start":{"line":452,"column":0},"end":{"line":452,"column":33}},"237":{"start":{"line":453,"column":0},"end":{"line":458,"column":3}},"238":{"start":{"line":456,"column":2},"end":{"line":456,"column":60}},"239":{"start":{"line":460,"column":0},"end":{"line":460,"column":33}},"240":{"start":{"line":461,"column":0},"end":{"line":466,"column":3}},"241":{"start":{"line":464,"column":2},"end":{"line":464,"column":61}},"242":{"start":{"line":468,"column":0},"end":{"line":468,"column":33}},"243":{"start":{"line":469,"column":0},"end":{"line":474,"column":3}},"244":{"start":{"line":472,"column":2},"end":{"line":472,"column":60}},"245":{"start":{"line":476,"column":0},"end":{"line":476,"column":33}},"246":{"start":{"line":477,"column":0},"end":{"line":482,"column":3}},"247":{"start":{"line":480,"column":2},"end":{"line":480,"column":61}},"248":{"start":{"line":484,"column":0},"end":{"line":484,"column":33}},"249":{"start":{"line":485,"column":0},"end":{"line":491,"column":3}},"250":{"start":{"line":489,"column":2},"end":{"line":489,"column":72}},"251":{"start":{"line":495,"column":0},"end":{"line":498,"column":2}},"252":{"start":{"line":496,"column":1},"end":{"line":496,"column":14}},"253":{"start":{"line":497,"column":1},"end":{"line":497,"column":16}},"254":{"start":{"line":499,"column":0},"end":{"line":499,"column":54}},"255":{"start":{"line":500,"column":0},"end":{"line":503,"column":2}},"256":{"start":{"line":501,"column":1},"end":{"line":501,"column":26}},"257":{"start":{"line":502,"column":1},"end":{"line":502,"column":40}},"258":{"start":{"line":504,"column":0},"end":{"line":506,"column":2}},"259":{"start":{"line":505,"column":1},"end":{"line":505,"column":17}},"260":{"start":{"line":507,"column":0},"end":{"line":511,"column":2}},"261":{"start":{"line":508,"column":1},"end":{"line":508,"column":29}},"262":{"start":{"line":509,"column":1},"end":{"line":509,"column":39}},"263":{"start":{"line":510,"column":1},"end":{"line":510,"column":39}},"264":{"start":{"line":512,"column":0},"end":{"line":515,"column":2}},"265":{"start":{"line":513,"column":1},"end":{"line":513,"column":22}},"266":{"start":{"line":514,"column":1},"end":{"line":514,"column":17}},"267":{"start":{"line":516,"column":0},"end":{"line":522,"column":2}},"268":{"start":{"line":517,"column":1},"end":{"line":517,"column":47}},"269":{"start":{"line":518,"column":1},"end":{"line":521,"column":55}},"270":{"start":{"line":519,"column":2},"end":{"line":519,"column":44}},"271":{"start":{"line":520,"column":6},"end":{"line":521,"column":55}},"272":{"start":{"line":521,"column":2},"end":{"line":521,"column":55}},"273":{"start":{"line":523,"column":0},"end":{"line":532,"column":2}},"274":{"start":{"line":524,"column":1},"end":{"line":524,"column":47}},"275":{"start":{"line":525,"column":1},"end":{"line":525,"column":25}},"276":{"start":{"line":526,"column":1},"end":{"line":531,"column":2}},"277":{"start":{"line":527,"column":2},"end":{"line":530,"column":43}},"278":{"start":{"line":528,"column":3},"end":{"line":528,"column":40}},"279":{"start":{"line":529,"column":7},"end":{"line":530,"column":43}},"280":{"start":{"line":530,"column":3},"end":{"line":530,"column":43}},"281":{"start":{"line":533,"column":0},"end":{"line":543,"column":2}},"282":{"start":{"line":534,"column":1},"end":{"line":534,"column":32}},"283":{"start":{"line":535,"column":1},"end":{"line":535,"column":49}},"284":{"start":{"line":536,"column":1},"end":{"line":541,"column":43}},"285":{"start":{"line":537,"column":2},"end":{"line":537,"column":45}},"286":{"start":{"line":538,"column":2},"end":{"line":538,"column":50}},"287":{"start":{"line":541,"column":2},"end":{"line":541,"column":43}},"288":{"start":{"line":542,"column":1},"end":{"line":542,"column":40}},"289":{"start":{"line":544,"column":0},"end":{"line":548,"column":2}},"290":{"start":{"line":545,"column":1},"end":{"line":546,"column":58}},"291":{"start":{"line":546,"column":2},"end":{"line":546,"column":58}},"292":{"start":{"line":547,"column":1},"end":{"line":547,"column":17}},"293":{"start":{"line":549,"column":0},"end":{"line":609,"column":2}},"294":{"start":{"line":550,"column":1},"end":{"line":550,"column":33}},"295":{"start":{"line":551,"column":1},"end":{"line":551,"column":22}},"296":{"start":{"line":552,"column":1},"end":{"line":608,"column":46}},"297":{"start":{"line":553,"column":2},"end":{"line":557,"column":3}},"298":{"start":{"line":556,"column":3},"end":{"line":556,"column":35}},"299":{"start":{"line":558,"column":2},"end":{"line":558,"column":37}},"300":{"start":{"line":559,"column":2},"end":{"line":559,"column":31}},"301":{"start":{"line":560,"column":2},"end":{"line":563,"column":76}},"302":{"start":{"line":561,"column":3},"end":{"line":561,"column":39}},"303":{"start":{"line":563,"column":3},"end":{"line":563,"column":76}},"304":{"start":{"line":564,"column":2},"end":{"line":574,"column":86}},"305":{"start":{"line":565,"column":3},"end":{"line":565,"column":21}},"306":{"start":{"line":566,"column":3},"end":{"line":570,"column":4}},"307":{"start":{"line":567,"column":4},"end":{"line":567,"column":42}},"308":{"start":{"line":568,"column":4},"end":{"line":569,"column":61}},"309":{"start":{"line":569,"column":5},"end":{"line":569,"column":61}},"310":{"start":{"line":571,"column":3},"end":{"line":571,"column":41}},"311":{"start":{"line":574,"column":3},"end":{"line":574,"column":86}},"312":{"start":{"line":575,"column":2},"end":{"line":575,"column":44}},"313":{"start":{"line":577,"column":6},"end":{"line":608,"column":46}},"314":{"start":{"line":578,"column":2},"end":{"line":594,"column":3}},"315":{"start":{"line":580,"column":3},"end":{"line":580,"column":35}},"316":{"start":{"line":581,"column":3},"end":{"line":581,"column":9}},"317":{"start":{"line":583,"column":3},"end":{"line":583,"column":35}},"318":{"start":{"line":584,"column":3},"end":{"line":584,"column":9}},"319":{"start":{"line":586,"column":3},"end":{"line":586,"column":35}},"320":{"start":{"line":587,"column":3},"end":{"line":587,"column":9}},"321":{"start":{"line":589,"column":3},"end":{"line":589,"column":35}},"322":{"start":{"line":590,"column":3},"end":{"line":590,"column":9}},"323":{"start":{"line":593,"column":3},"end":{"line":593,"column":35}},"324":{"start":{"line":595,"column":2},"end":{"line":595,"column":37}},"325":{"start":{"line":596,"column":2},"end":{"line":596,"column":38}},"326":{"start":{"line":597,"column":2},"end":{"line":600,"column":72}},"327":{"start":{"line":598,"column":3},"end":{"line":598,"column":39}},"328":{"start":{"line":600,"column":3},"end":{"line":600,"column":72}},"329":{"start":{"line":601,"column":2},"end":{"line":604,"column":74}},"330":{"start":{"line":602,"column":3},"end":{"line":602,"column":41}},"331":{"start":{"line":604,"column":3},"end":{"line":604,"column":74}},"332":{"start":{"line":605,"column":2},"end":{"line":605,"column":44}},"333":{"start":{"line":608,"column":2},"end":{"line":608,"column":46}},"334":{"start":{"line":610,"column":0},"end":{"line":612,"column":2}},"335":{"start":{"line":611,"column":1},"end":{"line":611,"column":27}},"336":{"start":{"line":613,"column":0},"end":{"line":615,"column":2}},"337":{"start":{"line":614,"column":1},"end":{"line":614,"column":26}},"338":{"start":{"line":616,"column":0},"end":{"line":618,"column":2}},"339":{"start":{"line":617,"column":1},"end":{"line":617,"column":18}},"340":{"start":{"line":619,"column":0},"end":{"line":621,"column":2}},"341":{"start":{"line":620,"column":1},"end":{"line":620,"column":18}},"342":{"start":{"line":625,"column":0},"end":{"line":625,"column":26}},"343":{"start":{"line":626,"column":0},"end":{"line":631,"column":2}},"344":{"start":{"line":628,"column":2},"end":{"line":628,"column":19}},"345":{"start":{"line":629,"column":2},"end":{"line":629,"column":25}},"346":{"start":{"line":633,"column":0},"end":{"line":647,"column":2}}},"branchMap":{"1":{"line":38,"type":"cond-expr","locations":[{"start":{"line":38,"column":20},"end":{"line":38,"column":43}},{"start":{"line":38,"column":46},"end":{"line":38,"column":80}}]},"2":{"line":48,"type":"if","locations":[{"start":{"line":48,"column":2},"end":{"line":48,"column":2}},{"start":{"line":48,"column":2},"end":{"line":48,"column":2}}]},"3":{"line":48,"type":"binary-expr","locations":[{"start":{"line":48,"column":5},"end":{"line":48,"column":31}},{"start":{"line":48,"column":35},"end":{"line":48,"column":84}}]},"4":{"line":55,"type":"if","locations":[{"start":{"line":55,"column":2},"end":{"line":55,"column":2}},{"start":{"line":55,"column":2},"end":{"line":55,"column":2}}]},"5":{"line":107,"type":"if","locations":[{"start":{"line":107,"column":3},"end":{"line":107,"column":3}},{"start":{"line":107,"column":3},"end":{"line":107,"column":3}}]},"6":{"line":110,"type":"if","locations":[{"start":{"line":110,"column":4},"end":{"line":110,"column":4}},{"start":{"line":110,"column":4},"end":{"line":110,"column":4}}]},"7":{"line":115,"type":"if","locations":[{"start":{"line":115,"column":5},"end":{"line":115,"column":5}},{"start":{"line":115,"column":5},"end":{"line":115,"column":5}}]},"8":{"line":120,"type":"if","locations":[{"start":{"line":120,"column":4},"end":{"line":120,"column":4}},{"start":{"line":120,"column":4},"end":{"line":120,"column":4}}]},"9":{"line":133,"type":"if","locations":[{"start":{"line":133,"column":4},"end":{"line":133,"column":4}},{"start":{"line":133,"column":4},"end":{"line":133,"column":4}}]},"10":{"line":141,"type":"if","locations":[{"start":{"line":141,"column":4},"end":{"line":141,"column":4}},{"start":{"line":141,"column":4},"end":{"line":141,"column":4}}]},"11":{"line":148,"type":"if","locations":[{"start":{"line":148,"column":3},"end":{"line":148,"column":3}},{"start":{"line":148,"column":3},"end":{"line":148,"column":3}}]},"12":{"line":162,"type":"cond-expr","locations":[{"start":{"line":162,"column":75},"end":{"line":162,"column":92}},{"start":{"line":162,"column":95},"end":{"line":162,"column":101}}]},"13":{"line":162,"type":"binary-expr","locations":[{"start":{"line":162,"column":16},"end":{"line":162,"column":38}},{"start":{"line":162,"column":42},"end":{"line":162,"column":71}}]},"14":{"line":169,"type":"if","locations":[{"start":{"line":169,"column":3},"end":{"line":169,"column":3}},{"start":{"line":169,"column":3},"end":{"line":169,"column":3}}]},"15":{"line":181,"type":"if","locations":[{"start":{"line":181,"column":4},"end":{"line":181,"column":4}},{"start":{"line":181,"column":4},"end":{"line":181,"column":4}}]},"16":{"line":194,"type":"if","locations":[{"start":{"line":194,"column":3},"end":{"line":194,"column":3}},{"start":{"line":194,"column":3},"end":{"line":194,"column":3}}]},"17":{"line":207,"type":"if","locations":[{"start":{"line":207,"column":5},"end":{"line":207,"column":5}},{"start":{"line":207,"column":5},"end":{"line":207,"column":5}}]},"18":{"line":214,"type":"if","locations":[{"start":{"line":214,"column":4},"end":{"line":214,"column":4}},{"start":{"line":214,"column":4},"end":{"line":214,"column":4}}]},"19":{"line":217,"type":"if","locations":[{"start":{"line":217,"column":3},"end":{"line":217,"column":3}},{"start":{"line":217,"column":3},"end":{"line":217,"column":3}}]},"20":{"line":235,"type":"if","locations":[{"start":{"line":235,"column":4},"end":{"line":235,"column":4}},{"start":{"line":235,"column":4},"end":{"line":235,"column":4}}]},"21":{"line":239,"type":"if","locations":[{"start":{"line":239,"column":4},"end":{"line":239,"column":4}},{"start":{"line":239,"column":4},"end":{"line":239,"column":4}}]},"22":{"line":247,"type":"if","locations":[{"start":{"line":247,"column":3},"end":{"line":247,"column":3}},{"start":{"line":247,"column":3},"end":{"line":247,"column":3}}]},"23":{"line":248,"type":"if","locations":[{"start":{"line":248,"column":4},"end":{"line":248,"column":4}},{"start":{"line":248,"column":4},"end":{"line":248,"column":4}}]},"24":{"line":257,"type":"if","locations":[{"start":{"line":257,"column":3},"end":{"line":257,"column":3}},{"start":{"line":257,"column":3},"end":{"line":257,"column":3}}]},"25":{"line":311,"type":"if","locations":[{"start":{"line":311,"column":3},"end":{"line":311,"column":3}},{"start":{"line":311,"column":3},"end":{"line":311,"column":3}}]},"26":{"line":311,"type":"binary-expr","locations":[{"start":{"line":311,"column":6},"end":{"line":311,"column":21}},{"start":{"line":311,"column":25},"end":{"line":311,"column":52}}]},"27":{"line":353,"type":"if","locations":[{"start":{"line":353,"column":3},"end":{"line":353,"column":3}},{"start":{"line":353,"column":3},"end":{"line":353,"column":3}}]},"28":{"line":355,"type":"if","locations":[{"start":{"line":355,"column":2},"end":{"line":355,"column":2}},{"start":{"line":355,"column":2},"end":{"line":355,"column":2}}]},"29":{"line":363,"type":"if","locations":[{"start":{"line":363,"column":3},"end":{"line":363,"column":3}},{"start":{"line":363,"column":3},"end":{"line":363,"column":3}}]},"30":{"line":363,"type":"binary-expr","locations":[{"start":{"line":363,"column":6},"end":{"line":363,"column":41}},{"start":{"line":363,"column":46},"end":{"line":363,"column":61}},{"start":{"line":363,"column":65},"end":{"line":363,"column":92}}]},"31":{"line":393,"type":"if","locations":[{"start":{"line":393,"column":3},"end":{"line":393,"column":3}},{"start":{"line":393,"column":3},"end":{"line":393,"column":3}}]},"32":{"line":394,"type":"binary-expr","locations":[{"start":{"line":394,"column":14},"end":{"line":394,"column":21}},{"start":{"line":394,"column":25},"end":{"line":394,"column":56}}]},"33":{"line":396,"type":"binary-expr","locations":[{"start":{"line":396,"column":14},"end":{"line":396,"column":21}},{"start":{"line":396,"column":25},"end":{"line":396,"column":56}}]},"34":{"line":428,"type":"if","locations":[{"start":{"line":428,"column":2},"end":{"line":428,"column":2}},{"start":{"line":428,"column":2},"end":{"line":428,"column":2}}]},"35":{"line":436,"type":"if","locations":[{"start":{"line":436,"column":2},"end":{"line":436,"column":2}},{"start":{"line":436,"column":2},"end":{"line":436,"column":2}}]},"36":{"line":518,"type":"if","locations":[{"start":{"line":518,"column":1},"end":{"line":518,"column":1}},{"start":{"line":518,"column":1},"end":{"line":518,"column":1}}]},"37":{"line":520,"type":"if","locations":[{"start":{"line":520,"column":6},"end":{"line":520,"column":6}},{"start":{"line":520,"column":6},"end":{"line":520,"column":6}}]},"38":{"line":526,"type":"if","locations":[{"start":{"line":526,"column":1},"end":{"line":526,"column":1}},{"start":{"line":526,"column":1},"end":{"line":526,"column":1}}]},"39":{"line":527,"type":"if","locations":[{"start":{"line":527,"column":2},"end":{"line":527,"column":2}},{"start":{"line":527,"column":2},"end":{"line":527,"column":2}}]},"40":{"line":529,"type":"if","locations":[{"start":{"line":529,"column":7},"end":{"line":529,"column":7}},{"start":{"line":529,"column":7},"end":{"line":529,"column":7}}]},"41":{"line":536,"type":"if","locations":[{"start":{"line":536,"column":1},"end":{"line":536,"column":1}},{"start":{"line":536,"column":1},"end":{"line":536,"column":1}}]},"42":{"line":545,"type":"if","locations":[{"start":{"line":545,"column":1},"end":{"line":545,"column":1}},{"start":{"line":545,"column":1},"end":{"line":545,"column":1}}]},"43":{"line":552,"type":"if","locations":[{"start":{"line":552,"column":1},"end":{"line":552,"column":1}},{"start":{"line":552,"column":1},"end":{"line":552,"column":1}}]},"44":{"line":553,"type":"switch","locations":[{"start":{"line":554,"column":2},"end":{"line":554,"column":12}},{"start":{"line":555,"column":2},"end":{"line":556,"column":35}}]},"45":{"line":560,"type":"if","locations":[{"start":{"line":560,"column":2},"end":{"line":560,"column":2}},{"start":{"line":560,"column":2},"end":{"line":560,"column":2}}]},"46":{"line":564,"type":"if","locations":[{"start":{"line":564,"column":2},"end":{"line":564,"column":2}},{"start":{"line":564,"column":2},"end":{"line":564,"column":2}}]},"47":{"line":568,"type":"if","locations":[{"start":{"line":568,"column":4},"end":{"line":568,"column":4}},{"start":{"line":568,"column":4},"end":{"line":568,"column":4}}]},"48":{"line":577,"type":"if","locations":[{"start":{"line":577,"column":6},"end":{"line":577,"column":6}},{"start":{"line":577,"column":6},"end":{"line":577,"column":6}}]},"49":{"line":578,"type":"switch","locations":[{"start":{"line":579,"column":2},"end":{"line":581,"column":9}},{"start":{"line":582,"column":2},"end":{"line":584,"column":9}},{"start":{"line":585,"column":2},"end":{"line":587,"column":9}},{"start":{"line":588,"column":2},"end":{"line":590,"column":9}},{"start":{"line":591,"column":2},"end":{"line":591,"column":11}},{"start":{"line":592,"column":2},"end":{"line":593,"column":35}}]},"50":{"line":597,"type":"if","locations":[{"start":{"line":597,"column":2},"end":{"line":597,"column":2}},{"start":{"line":597,"column":2},"end":{"line":597,"column":2}}]},"51":{"line":601,"type":"if","locations":[{"start":{"line":601,"column":2},"end":{"line":601,"column":2}},{"start":{"line":601,"column":2},"end":{"line":601,"column":2}}]}},"l":{"22":1,"23":1,"24":1,"25":1,"27":1,"30":1,"31":0,"32":0,"33":0,"34":0,"35":0,"36":0,"37":0,"38":0,"44":1,"47":37,"48":37,"49":12,"50":25,"54":35,"55":35,"56":28,"57":82,"62":12,"65":27,"68":2,"71":2,"85":7,"91":22,"92":22,"96":0,"97":0,"98":0,"99":0,"100":0,"101":0,"105":29,"106":29,"107":29,"108":2,"109":27,"110":65,"111":27,"112":38,"113":38,"114":146,"115":146,"116":37,"117":37,"120":38,"121":1,"126":44,"127":52,"131":52,"132":52,"133":94,"134":52,"135":0,"139":2,"140":2,"141":2,"142":2,"143":0,"147":67,"148":67,"149":10,"150":67,"155":12,"156":12,"157":26,"158":26,"159":26,"160":23,"161":23,"162":23,"163":23,"164":23,"166":3,"169":12,"170":6,"171":12,"176":2,"177":2,"178":3,"179":3,"180":3,"181":3,"182":0,"183":0,"185":3,"186":3,"187":3,"188":3,"189":3,"191":0,"194":2,"195":1,"196":2,"201":2,"202":2,"203":3,"204":3,"205":3,"206":9,"207":9,"208":3,"209":3,"210":3,"211":3,"214":3,"215":0,"217":2,"218":0,"219":2,"224":27,"225":27,"226":27,"227":27,"228":27,"229":27,"230":27,"231":27,"232":27,"233":27,"234":27,"235":27,"236":22,"237":27,"239":0,"240":0,"241":0,"247":29,"248":4,"249":4,"254":0,"256":25,"257":25,"258":10,"260":15,"261":25,"274":1,"275":27,"276":27,"277":27,"279":1,"281":31,"284":2,"285":2,"288":27,"290":22,"293":41,"294":41,"295":41,"296":46,"297":46,"299":41,"300":2,"301":2,"303":41,"307":27,"308":27,"309":27,"310":77,"311":77,"312":41,"314":27,"321":1,"322":2,"324":1,"326":4,"328":2,"330":13,"332":4,"334":2,"336":0,"339":3,"340":3,"341":3,"342":6,"343":6,"345":3,"349":2,"350":2,"351":2,"352":2,"353":4,"354":2,"355":2,"356":0,"357":2,"359":2,"360":2,"361":2,"362":6,"363":6,"364":3,"366":2,"372":1,"373":25,"374":25,"376":1,"378":25,"380":3,"382":4,"384":32,"386":3,"388":4,"391":83,"392":83,"393":33,"394":17,"396":16,"398":83,"403":1,"404":1,"407":29,"408":29,"412":0,"413":0,"417":0,"418":0,"422":29,"423":29,"428":88,"429":0,"431":88,"436":88,"437":88,"439":0,"444":1,"445":1,"448":43,"452":1,"453":1,"456":9,"460":1,"461":1,"464":9,"468":1,"469":1,"472":9,"476":1,"477":1,"480":9,"484":1,"485":1,"489":9,"495":1,"496":27,"497":27,"499":1,"500":1,"501":27,"502":27,"504":1,"505":27,"507":1,"508":2,"509":2,"510":2,"512":1,"513":2,"514":2,"516":1,"517":29,"518":29,"519":27,"520":2,"521":2,"523":1,"524":37,"525":37,"526":37,"527":35,"528":31,"529":4,"530":4,"533":1,"534":25,"535":25,"536":25,"537":3,"538":3,"541":22,"542":25,"544":1,"545":25,"546":4,"547":25,"549":1,"550":29,"551":29,"552":29,"553":3,"556":3,"558":3,"559":3,"560":3,"561":3,"563":0,"564":3,"565":3,"566":3,"567":25,"568":25,"569":11,"571":3,"574":0,"575":3,"577":26,"578":26,"580":3,"581":3,"583":3,"584":3,"586":3,"587":3,"589":3,"590":3,"593":14,"595":26,"596":26,"597":26,"598":26,"600":0,"601":26,"602":0,"604":26,"605":26,"608":0,"610":1,"611":3,"613":1,"614":4,"616":1,"617":3,"619":1,"620":3,"625":1,"626":1,"628":0,"629":0,"633":1}}}
