TN:
SF:/home/benjamin/Desktop/projects/node/sforce-mocks/mocks.js
FN:30,(anonymous_1)
FN:34,(anonymous_2)
FN:35,(anonymous_3)
FN:36,(anonymous_4)
FN:37,(anonymous_5)
FN:46,(anonymous_6)
FN:53,(anonymous_7)
FN:61,(anonymous_8)
FN:64,(anonymous_9)
FN:67,(anonymous_10)
FN:70,(anonymous_11)
FN:85,(anonymous_12)
FN:90,(anonymous_13)
FN:95,(anonymous_14)
FN:104,(anonymous_15)
FN:125,(anonymous_16)
FN:130,(anonymous_17)
FN:138,(anonymous_18)
FN:146,(anonymous_19)
FN:154,(anonymous_20)
FN:175,(anonymous_21)
FN:200,(anonymous_22)
FN:223,(anonymous_23)
FN:246,(anonymous_24)
FN:274,(anonymous_25)
FN:281,(anonymous_26)
FN:283,(anonymous_27)
FN:288,(anonymous_28)
FN:290,(anonymous_29)
FN:292,(anonymous_30)
FN:306,(anonymous_31)
FN:321,(anonymous_32)
FN:326,(anonymous_33)
FN:328,(anonymous_34)
FN:330,(anonymous_35)
FN:332,(anonymous_36)
FN:334,(anonymous_37)
FN:336,(anonymous_38)
FN:338,(anonymous_39)
FN:348,(anonymous_40)
FN:372,(anonymous_41)
FN:378,(anonymous_42)
FN:380,(anonymous_43)
FN:382,(anonymous_44)
FN:384,(anonymous_45)
FN:386,(anonymous_46)
FN:388,(anonymous_47)
FN:390,(anonymous_48)
FN:403,(anonymous_49)
FN:406,(anonymous_50)
FN:411,(anonymous_51)
FN:416,(anonymous_52)
FN:421,(anonymous_53)
FN:427,(anonymous_54)
FN:435,(anonymous_55)
FN:444,(anonymous_56)
FN:447,(anonymous_57)
FN:451,(anonymous_58)
FN:454,(anonymous_59)
FN:458,(anonymous_60)
FN:461,(anonymous_61)
FN:465,(anonymous_62)
FN:468,(anonymous_63)
FN:472,(anonymous_64)
FN:475,(anonymous_65)
FN:479,(anonymous_66)
FN:483,(anonymous_67)
FN:489,(anonymous_68)
FN:494,(anonymous_69)
FN:498,(anonymous_70)
FN:501,(anonymous_71)
FN:506,(anonymous_72)
FN:510,(anonymous_73)
FN:517,(anonymous_74)
FN:527,(anonymous_75)
FN:538,(anonymous_76)
FN:543,(anonymous_77)
FN:604,(anonymous_78)
FN:607,(anonymous_79)
FN:610,(anonymous_80)
FN:613,(anonymous_81)
FN:619,(anonymous_82)
FN:621,(anonymous_83)
FNF:83
FNH:72
FNDA:0,(anonymous_1)
FNDA:0,(anonymous_2)
FNDA:0,(anonymous_3)
FNDA:0,(anonymous_4)
FNDA:0,(anonymous_5)
FNDA:37,(anonymous_6)
FNDA:35,(anonymous_7)
FNDA:12,(anonymous_8)
FNDA:27,(anonymous_9)
FNDA:2,(anonymous_10)
FNDA:2,(anonymous_11)
FNDA:7,(anonymous_12)
FNDA:22,(anonymous_13)
FNDA:0,(anonymous_14)
FNDA:29,(anonymous_15)
FNDA:44,(anonymous_16)
FNDA:52,(anonymous_17)
FNDA:2,(anonymous_18)
FNDA:67,(anonymous_19)
FNDA:12,(anonymous_20)
FNDA:2,(anonymous_21)
FNDA:2,(anonymous_22)
FNDA:27,(anonymous_23)
FNDA:29,(anonymous_24)
FNDA:27,(anonymous_25)
FNDA:31,(anonymous_26)
FNDA:2,(anonymous_27)
FNDA:27,(anonymous_28)
FNDA:22,(anonymous_29)
FNDA:41,(anonymous_30)
FNDA:27,(anonymous_31)
FNDA:2,(anonymous_32)
FNDA:4,(anonymous_33)
FNDA:2,(anonymous_34)
FNDA:13,(anonymous_35)
FNDA:4,(anonymous_36)
FNDA:2,(anonymous_37)
FNDA:0,(anonymous_38)
FNDA:3,(anonymous_39)
FNDA:2,(anonymous_40)
FNDA:25,(anonymous_41)
FNDA:25,(anonymous_42)
FNDA:3,(anonymous_43)
FNDA:4,(anonymous_44)
FNDA:32,(anonymous_45)
FNDA:3,(anonymous_46)
FNDA:4,(anonymous_47)
FNDA:83,(anonymous_48)
FNDA:6,(anonymous_49)
FNDA:29,(anonymous_50)
FNDA:0,(anonymous_51)
FNDA:0,(anonymous_52)
FNDA:29,(anonymous_53)
FNDA:88,(anonymous_54)
FNDA:88,(anonymous_55)
FNDA:14,(anonymous_56)
FNDA:43,(anonymous_57)
FNDA:3,(anonymous_58)
FNDA:9,(anonymous_59)
FNDA:3,(anonymous_60)
FNDA:9,(anonymous_61)
FNDA:3,(anonymous_62)
FNDA:9,(anonymous_63)
FNDA:3,(anonymous_64)
FNDA:9,(anonymous_65)
FNDA:3,(anonymous_66)
FNDA:9,(anonymous_67)
FNDA:27,(anonymous_68)
FNDA:27,(anonymous_69)
FNDA:27,(anonymous_70)
FNDA:2,(anonymous_71)
FNDA:2,(anonymous_72)
FNDA:29,(anonymous_73)
FNDA:37,(anonymous_74)
FNDA:25,(anonymous_75)
FNDA:25,(anonymous_76)
FNDA:29,(anonymous_77)
FNDA:3,(anonymous_78)
FNDA:4,(anonymous_79)
FNDA:3,(anonymous_80)
FNDA:3,(anonymous_81)
FNDA:0,(anonymous_82)
FNDA:0,(anonymous_83)
DA:22,1
DA:23,1
DA:24,1
DA:25,1
DA:27,1
DA:30,1
DA:31,0
DA:32,0
DA:33,0
DA:34,0
DA:35,0
DA:36,0
DA:37,0
DA:38,0
DA:44,1
DA:47,37
DA:48,37
DA:49,12
DA:50,25
DA:54,35
DA:55,35
DA:56,28
DA:57,82
DA:62,12
DA:65,27
DA:68,2
DA:71,2
DA:85,7
DA:91,22
DA:92,22
DA:96,0
DA:97,0
DA:98,0
DA:99,0
DA:100,0
DA:101,0
DA:105,29
DA:106,29
DA:107,29
DA:108,2
DA:109,27
DA:110,65
DA:111,27
DA:112,38
DA:113,38
DA:114,146
DA:115,146
DA:116,37
DA:117,37
DA:120,38
DA:121,1
DA:126,44
DA:127,52
DA:131,52
DA:132,52
DA:133,94
DA:134,52
DA:135,0
DA:139,2
DA:140,2
DA:141,2
DA:142,2
DA:143,0
DA:147,67
DA:148,67
DA:149,10
DA:150,67
DA:155,12
DA:156,12
DA:157,26
DA:158,26
DA:159,26
DA:160,23
DA:161,23
DA:162,23
DA:163,23
DA:164,23
DA:166,3
DA:169,12
DA:170,6
DA:171,12
DA:176,2
DA:177,2
DA:178,3
DA:179,3
DA:180,3
DA:181,3
DA:182,0
DA:183,0
DA:185,3
DA:186,3
DA:187,3
DA:188,3
DA:189,3
DA:191,0
DA:194,2
DA:195,1
DA:196,2
DA:201,2
DA:202,2
DA:203,3
DA:204,3
DA:205,3
DA:206,9
DA:207,9
DA:208,3
DA:209,3
DA:210,3
DA:211,3
DA:214,3
DA:215,0
DA:217,2
DA:218,0
DA:219,2
DA:224,27
DA:225,27
DA:226,27
DA:227,27
DA:228,27
DA:229,27
DA:230,27
DA:231,27
DA:232,27
DA:233,27
DA:234,27
DA:235,27
DA:236,22
DA:237,27
DA:239,0
DA:240,0
DA:241,0
DA:247,29
DA:248,4
DA:249,4
DA:254,0
DA:256,25
DA:257,25
DA:258,10
DA:260,15
DA:261,25
DA:274,1
DA:275,27
DA:276,27
DA:277,27
DA:279,1
DA:281,31
DA:284,2
DA:285,2
DA:288,27
DA:290,22
DA:293,41
DA:294,41
DA:295,41
DA:296,46
DA:297,46
DA:299,41
DA:300,2
DA:301,2
DA:303,41
DA:307,27
DA:308,27
DA:309,27
DA:310,77
DA:311,77
DA:312,41
DA:314,27
DA:321,1
DA:322,2
DA:324,1
DA:326,4
DA:328,2
DA:330,13
DA:332,4
DA:334,2
DA:336,0
DA:339,3
DA:340,3
DA:341,3
DA:342,6
DA:343,6
DA:345,3
DA:349,2
DA:350,2
DA:351,2
DA:352,2
DA:353,4
DA:354,2
DA:355,2
DA:356,0
DA:357,2
DA:359,2
DA:360,2
DA:361,2
DA:362,6
DA:363,6
DA:364,3
DA:366,2
DA:372,1
DA:373,25
DA:374,25
DA:376,1
DA:378,25
DA:380,3
DA:382,4
DA:384,32
DA:386,3
DA:388,4
DA:391,83
DA:392,83
DA:393,33
DA:394,17
DA:396,16
DA:398,83
DA:403,1
DA:404,1
DA:407,29
DA:408,29
DA:412,0
DA:413,0
DA:417,0
DA:418,0
DA:422,29
DA:423,29
DA:428,88
DA:429,0
DA:431,88
DA:436,88
DA:437,88
DA:439,0
DA:444,1
DA:445,1
DA:447,1
DA:448,43
DA:451,1
DA:452,1
DA:454,1
DA:455,9
DA:458,1
DA:459,1
DA:461,1
DA:462,9
DA:465,1
DA:466,1
DA:468,1
DA:469,9
DA:472,1
DA:473,1
DA:475,1
DA:476,9
DA:479,1
DA:480,1
DA:483,1
DA:484,9
DA:489,1
DA:490,27
DA:491,27
DA:493,1
DA:494,1
DA:495,27
DA:496,27
DA:498,1
DA:499,27
DA:501,1
DA:502,2
DA:503,2
DA:504,2
DA:506,1
DA:507,2
DA:508,2
DA:510,1
DA:511,29
DA:512,29
DA:513,27
DA:514,2
DA:515,2
DA:517,1
DA:518,37
DA:519,37
DA:520,37
DA:521,35
DA:522,31
DA:523,4
DA:524,4
DA:527,1
DA:528,25
DA:529,25
DA:530,25
DA:531,3
DA:532,3
DA:535,22
DA:536,25
DA:538,1
DA:539,25
DA:540,4
DA:541,25
DA:543,1
DA:544,29
DA:545,29
DA:546,29
DA:547,3
DA:550,3
DA:552,3
DA:553,3
DA:554,3
DA:555,3
DA:557,0
DA:558,3
DA:559,3
DA:560,3
DA:561,25
DA:562,25
DA:563,11
DA:565,3
DA:568,0
DA:569,3
DA:571,26
DA:572,26
DA:574,3
DA:575,3
DA:577,3
DA:578,3
DA:580,3
DA:581,3
DA:583,3
DA:584,3
DA:587,14
DA:589,26
DA:590,26
DA:591,26
DA:592,26
DA:594,0
DA:595,26
DA:596,0
DA:598,26
DA:599,26
DA:602,0
DA:604,1
DA:605,3
DA:607,1
DA:608,4
DA:610,1
DA:611,3
DA:613,1
DA:614,3
DA:619,1
DA:620,1
DA:622,0
DA:623,0
DA:627,1
LF:349
LH:309
BRDA:38,1,0,0
BRDA:38,1,1,0
BRDA:48,2,0,12
BRDA:48,2,1,25
BRDA:48,3,0,37
BRDA:48,3,1,12
BRDA:55,4,0,28
BRDA:55,4,1,7
BRDA:107,5,0,2
BRDA:107,5,1,27
BRDA:110,6,0,27
BRDA:110,6,1,38
BRDA:115,7,0,37
BRDA:115,7,1,109
BRDA:120,8,0,1
BRDA:120,8,1,37
BRDA:133,9,0,52
BRDA:133,9,1,42
BRDA:141,10,0,2
BRDA:141,10,1,0
BRDA:148,11,0,10
BRDA:148,11,1,57
BRDA:162,12,0,22
BRDA:162,12,1,1
BRDA:162,13,0,23
BRDA:162,13,1,1
BRDA:169,14,0,6
BRDA:169,14,1,6
BRDA:181,15,0,0
BRDA:181,15,1,3
BRDA:194,16,0,1
BRDA:194,16,1,1
BRDA:207,17,0,3
BRDA:207,17,1,6
BRDA:214,18,0,0
BRDA:214,18,1,3
BRDA:217,19,0,0
BRDA:217,19,1,2
BRDA:235,20,0,22
BRDA:235,20,1,5
BRDA:239,21,0,0
BRDA:239,21,1,0
BRDA:247,22,0,4
BRDA:247,22,1,25
BRDA:248,23,0,4
BRDA:248,23,1,0
BRDA:257,24,0,10
BRDA:257,24,1,15
BRDA:311,25,0,41
BRDA:311,25,1,36
BRDA:311,26,0,77
BRDA:311,26,1,70
BRDA:353,27,0,2
BRDA:353,27,1,2
BRDA:355,28,0,0
BRDA:355,28,1,2
BRDA:363,29,0,3
BRDA:363,29,1,3
BRDA:363,30,0,6
BRDA:363,30,1,3
BRDA:363,30,2,0
BRDA:393,31,0,17
BRDA:393,31,1,16
BRDA:394,32,0,17
BRDA:394,32,1,6
BRDA:396,33,0,16
BRDA:396,33,1,12
BRDA:428,34,0,0
BRDA:428,34,1,88
BRDA:436,35,0,88
BRDA:436,35,1,0
BRDA:512,36,0,27
BRDA:512,36,1,2
BRDA:514,37,0,2
BRDA:514,37,1,0
BRDA:520,38,0,35
BRDA:520,38,1,2
BRDA:521,39,0,31
BRDA:521,39,1,4
BRDA:523,40,0,4
BRDA:523,40,1,0
BRDA:530,41,0,3
BRDA:530,41,1,22
BRDA:539,42,0,4
BRDA:539,42,1,21
BRDA:546,43,0,3
BRDA:546,43,1,26
BRDA:547,44,0,3
BRDA:547,44,1,3
BRDA:554,45,0,3
BRDA:554,45,1,0
BRDA:558,46,0,3
BRDA:558,46,1,0
BRDA:562,47,0,11
BRDA:562,47,1,14
BRDA:571,48,0,26
BRDA:571,48,1,0
BRDA:572,49,0,3
BRDA:572,49,1,3
BRDA:572,49,2,3
BRDA:572,49,3,3
BRDA:572,49,4,14
BRDA:572,49,5,14
BRDA:591,50,0,26
BRDA:591,50,1,0
BRDA:595,51,0,0
BRDA:595,51,1,26
BRF:107
BRH:87
end_of_record
